<?xml version="1.0" encoding="UTF-8"?>
<!-- Generated by org.testng.reporters.JUnitReportReporter -->
<testsuite hostname="rhel-server" name="hello.GooglePage" tests="1" failures="0" timestamp="2 Jul 2020 01:01:26 GMT" time="0.008" errors="0">
  <testcase name="testHelloWorld" time="0.008" classname="hello.GooglePage"/>
</testsuite> <!-- hello.GooglePage -->
